0 info it worked if it ends with ok
1 verbose cli [ 'C:\\Program Files\\nodejs\\node.exe',
1 verbose cli   'C:\\Users\\jith.indragith-VAIO\\AppData\\Roaming\\npm\\node_modules\\npm\\bin\\npm-cli.js',
1 verbose cli   'start' ]
2 info using npm@4.0.2
3 info using node@v7.6.0
4 verbose run-script [ 'prestart', 'start', 'poststart' ]
5 info lifecycle angularhuman@1.0.0~prestart: angularhuman@1.0.0
6 silly lifecycle angularhuman@1.0.0~prestart: no script for prestart, continuing
7 info lifecycle angularhuman@1.0.0~start: angularhuman@1.0.0
8 verbose lifecycle angularhuman@1.0.0~start: unsafe-perm in lifecycle true
9 verbose lifecycle angularhuman@1.0.0~start: PATH: C:\Users\jith.indragith-VAIO\AppData\Roaming\npm\node_modules\npm\bin\node-gyp-bin;C:\Users\jith.indragith-VAIO\Desktop\angularHuman\node_modules\.bin;C:\Program Files (x86)\iis express\PHP\v5.3;C:\ProgramData\Oracle\Java\javapath;C:\Program Files (x86)\NVIDIA Corporation\PhysX\Common;C:\Program Files\Common Files\Microsoft Shared\Windows Live;C:\Program Files (x86)\Common Files\Microsoft Shared\Windows Live;C:\Windows\system32;C:\Windows;C:\Windows\system32\wbem;C:\Program Files (x86)\Java\jdk1.7.0_51\bin;C:\Program Files (x86)\Windows Live\Shared;c:\Program Files (x86)\Microsoft SQL Server\90\Tools\binn\;C:\Program Files (x86)\Common Files\lenovo\easyplussdk\bin;C:\Program Files\Microsoft\Web Platform Installer\;C:\Program Files\RedHat\java-1.8.0-openjdk-1.8.0.111-3\bin;C:\Program Files\Git\cmd;C:\Program Files\nodejs\;C:\Program Files (x86)\Skype\Phone\;C:\Program Files (x86)\Microsoft VS Code\bin;C:\Users\jith.indragith-VAIO\AppData\Roaming\npm
10 verbose lifecycle angularhuman@1.0.0~start: CWD: C:\Users\jith.indragith-VAIO\Desktop\angularHuman
11 silly lifecycle angularhuman@1.0.0~start: Args: [ '/d /s /c', 'node server.js' ]
12 silly lifecycle angularhuman@1.0.0~start: Returned: code: 1  signal: null
13 info lifecycle angularhuman@1.0.0~start: Failed to exec start script
14 verbose stack Error: angularhuman@1.0.0 start: `node server.js`
14 verbose stack Exit status 1
14 verbose stack     at EventEmitter.<anonymous> (C:\Users\jith.indragith-VAIO\AppData\Roaming\npm\node_modules\npm\lib\utils\lifecycle.js:279:16)
14 verbose stack     at emitTwo (events.js:106:13)
14 verbose stack     at EventEmitter.emit (events.js:192:7)
14 verbose stack     at ChildProcess.<anonymous> (C:\Users\jith.indragith-VAIO\AppData\Roaming\npm\node_modules\npm\lib\utils\spawn.js:40:14)
14 verbose stack     at emitTwo (events.js:106:13)
14 verbose stack     at ChildProcess.emit (events.js:192:7)
14 verbose stack     at maybeClose (internal/child_process.js:890:16)
14 verbose stack     at Process.ChildProcess._handle.onexit (internal/child_process.js:226:5)
15 verbose pkgid angularhuman@1.0.0
16 verbose cwd C:\Users\jith.indragith-VAIO\Desktop\angularHuman
17 error Windows_NT 6.1.7601
18 error argv "C:\\Program Files\\nodejs\\node.exe" "C:\\Users\\jith.indragith-VAIO\\AppData\\Roaming\\npm\\node_modules\\npm\\bin\\npm-cli.js" "start"
19 error node v7.6.0
20 error npm  v4.0.2
21 error code ELIFECYCLE
22 error angularhuman@1.0.0 start: `node server.js`
22 error Exit status 1
23 error Failed at the angularhuman@1.0.0 start script 'node server.js'.
23 error Make sure you have the latest version of node.js and npm installed.
23 error If you do, this is most likely a problem with the angularhuman package,
23 error not with npm itself.
23 error Tell the author that this fails on your system:
23 error     node server.js
23 error You can get information on how to open an issue for this project with:
23 error     npm bugs angularhuman
23 error Or if that isn't available, you can get their info via:
23 error     npm owner ls angularhuman
23 error There is likely additional logging output above.
24 verbose exit [ 1, true ]
